# Logfile created on 2014-08-02 17:53:47 -0700 by logger.rb/36483
I, [2014-08-02T17:53:47.916014 #23543]  INFO -- : 0:  blankslate (2.1.2.4) from /Users/MRL/picpic/vendor/bundle/specifications/blankslate-2.1.2.4.gemspec
I, [2014-08-02T17:53:50.177747 #23543]  INFO -- : 0:  fast-stemmer (1.0.2) from /Users/MRL/picpic/vendor/bundle/specifications/fast-stemmer-1.0.2.gemspec
I, [2014-08-02T17:53:50.377197 #23543]  INFO -- : 0:  classifier (1.3.4) from /Users/MRL/picpic/vendor/bundle/specifications/classifier-1.3.4.gemspec
I, [2014-08-02T17:53:50.613487 #23543]  INFO -- : 0:  colorator (0.1) from /Users/MRL/picpic/vendor/bundle/specifications/colorator-0.1.gemspec
I, [2014-08-02T17:53:51.846790 #23543]  INFO -- : 0:  highline (1.6.21) from /Users/MRL/picpic/vendor/bundle/specifications/highline-1.6.21.gemspec
I, [2014-08-02T17:53:52.131807 #23543]  INFO -- : 0:  commander (4.1.6) from /Users/MRL/picpic/vendor/bundle/specifications/commander-4.1.6.gemspec
I, [2014-08-02T17:54:02.652585 #23543]  INFO -- : 0:  ffi (1.9.3) from /Users/MRL/picpic/vendor/bundle/specifications/ffi-1.9.3.gemspec
I, [2014-08-02T17:54:02.993555 #23543]  INFO -- : 0:  liquid (2.5.5) from /Users/MRL/picpic/vendor/bundle/specifications/liquid-2.5.5.gemspec
I, [2014-08-02T17:54:03.273105 #23543]  INFO -- : 0:  rb-fsevent (0.9.4) from /Users/MRL/picpic/vendor/bundle/specifications/rb-fsevent-0.9.4.gemspec
I, [2014-08-02T17:54:03.665548 #23543]  INFO -- : 0:  rb-inotify (0.9.5) from /Users/MRL/picpic/vendor/bundle/specifications/rb-inotify-0.9.5.gemspec
I, [2014-08-02T17:54:03.849893 #23543]  INFO -- : 0:  rb-kqueue (0.2.3) from /Users/MRL/picpic/vendor/bundle/specifications/rb-kqueue-0.2.3.gemspec
I, [2014-08-02T17:54:04.027184 #23543]  INFO -- : 0:  listen (1.3.1) from /Users/MRL/picpic/vendor/bundle/specifications/listen-1.3.1.gemspec
I, [2014-08-02T17:54:04.892159 #23543]  INFO -- : 0:  maruku (0.7.2) from /Users/MRL/picpic/vendor/bundle/specifications/maruku-0.7.2.gemspec
I, [2014-08-02T17:54:05.991308 #23543]  INFO -- : 0:  posix-spawn (0.3.9) from /Users/MRL/picpic/vendor/bundle/specifications/posix-spawn-0.3.9.gemspec
I, [2014-08-02T17:54:08.838321 #23543]  INFO -- : 0:  yajl-ruby (1.1.0) from /Users/MRL/picpic/vendor/bundle/specifications/yajl-ruby-1.1.0.gemspec
I, [2014-08-02T17:54:11.422420 #23543]  INFO -- : 0:  pygments.rb (0.5.4) from /Users/MRL/picpic/vendor/bundle/specifications/pygments.rb-0.5.4.gemspec
I, [2014-08-02T17:54:15.344682 #23543]  INFO -- : 0:  redcarpet (2.3.0) from /Users/MRL/picpic/vendor/bundle/specifications/redcarpet-2.3.0.gemspec
I, [2014-08-02T17:54:16.035163 #23543]  INFO -- : 0:  safe_yaml (0.9.7) from /Users/MRL/picpic/vendor/bundle/specifications/safe_yaml-0.9.7.gemspec
I, [2014-08-02T17:54:16.639776 #23543]  INFO -- : 0:  parslet (1.5.0) from /Users/MRL/picpic/vendor/bundle/specifications/parslet-1.5.0.gemspec
I, [2014-08-02T17:54:16.819523 #23543]  INFO -- : 0:  toml (0.1.1) from /Users/MRL/picpic/vendor/bundle/specifications/toml-0.1.1.gemspec
I, [2014-08-02T17:54:17.943771 #23543]  INFO -- : 0:  jekyll (1.4.3) from /Users/MRL/picpic/vendor/bundle/specifications/jekyll-1.4.3.gemspec
I, [2014-08-02T17:54:19.883104 #23543]  INFO -- : 0:  sass (3.3.14) from /Users/MRL/picpic/vendor/bundle/specifications/sass-3.3.14.gemspec
I, [2014-08-02T17:54:19.883901 #23543]  INFO -- : 0:  bundler (1.5.0) from /Library/Ruby/Gems/2.0.0/gems/bundler-1.5.0/lib/bundler/source
